Start testing: Nov 10 18:41 CST
----------------------------------------------------------
1/2 Testing: binheap_test
1/2 Test: binheap_test
Command: "/Users/Henry/Documents/workspace/ipd/codeword/build.make/tests/binheap_test"
Directory: /Users/Henry/Documents/workspace/ipd/codeword/build.make/tests
"binheap_test" start time: Nov 10 18:41 CST
Output:
----------------------------------------------------------
Success: 11 tests passed.
Test time: 0.00 seconds.
<end of output>
Test time =   0.01 sec
----------------------------------------------------------
Test Passed.
"binheap_test" end time: Nov 10 18:41 CST
"binheap_test" time elapsed: 00:00:00
----------------------------------------------------------

2/2 Testing: binheap_template_test
2/2 Test: binheap_template_test
Command: "/Users/Henry/Documents/workspace/ipd/codeword/build.make/tests/binheap_template_test"
Directory: /Users/Henry/Documents/workspace/ipd/codeword/build.make/tests
"binheap_template_test" start time: Nov 10 18:41 CST
Output:
----------------------------------------------------------
Success: 10 tests passed.
Test time: 0.00 seconds.
<end of output>
Test time =   0.01 sec
----------------------------------------------------------
Test Passed.
"binheap_template_test" end time: Nov 10 18:41 CST
"binheap_template_test" time elapsed: 00:00:00
----------------------------------------------------------

End testing: Nov 10 18:41 CST
